0 info it worked if it ends with ok
1 verbose cli [ 'D:\\NodeJS\\node.exe',
1 verbose cli   'D:\\NodeJS\\node_modules\\npm\\bin\\npm-cli.js',
1 verbose cli   'start' ]
2 info using npm@3.6.0
3 info using node@v5.7.1
4 verbose run-script [ 'prestart', 'start', 'poststart' ]
5 info lifecycle qiankai@1.0.0~prestart: qiankai@1.0.0
6 silly lifecycle qiankai@1.0.0~prestart: no script for prestart, continuing
7 info lifecycle qiankai@1.0.0~start: qiankai@1.0.0
8 verbose lifecycle qiankai@1.0.0~start: unsafe-perm in lifecycle true
9 verbose lifecycle qiankai@1.0.0~start: PATH: D:\NodeJS\node_modules\npm\bin\node-gyp-bin;D:\git项目\qiankai2\node_modules\.bin;D:\RailsInstaller\ImageMagick-6.9.3-Q16;C:\ProgramData\Oracle\Java\javapath;C:\Program Files (x86)\Intel\iCLS Client\;C:\Program Files\Intel\iCLS Client\;C:\Program Files (x86)\NVIDIA Corporation\PhysX\Common;C:\Windows\system32;C:\Windows;D:\JDK\bin;C:\Windows\System32\Wbem;C:\Windows\System32\WindowsPowerShell\v1.0\;C:\Program Files\Intel\Intel(R) Management Engine Components\DAL;C:\Program Files\Intel\Intel(R) Management Engine Components\IPT;C:\Program Files (x86)\Intel\Intel(R) Management Engine Components\DAL;C:\Program Files (x86)\Intel\Intel(R) Management Engine Components\IPT;C:\SWTOOLS\ReadyApps;C:\Program Files (x86)\Common Files\Lenovo;C:\Program Files (x86)\Common Files\lenovo\easyplussdk\bin;D:\NodeJS\;F:\Skype\Phone\;D:\RailsInstaller\Git\cmd;D:\RailsInstaller\Ruby2.2.0\bin;C:\Users\123\AppData\Roaming\npm;D:\Docker Toolbox
10 verbose lifecycle qiankai@1.0.0~start: CWD: D:\git项目\qiankai2
11 silly lifecycle qiankai@1.0.0~start: Args: [ '/d /s /c',
11 silly lifecycle   'if-env NODE_ENV=production && npm run start:prod || npm run start:dev' ]
12 silly lifecycle qiankai@1.0.0~start: Returned: code: 1  signal: null
13 info lifecycle qiankai@1.0.0~start: Failed to exec start script
14 verbose stack Error: qiankai@1.0.0 start: `if-env NODE_ENV=production && npm run start:prod || npm run start:dev`
14 verbose stack Exit status 1
14 verbose stack     at EventEmitter.<anonymous> (D:\NodeJS\node_modules\npm\lib\utils\lifecycle.js:232:16)
14 verbose stack     at emitTwo (events.js:100:13)
14 verbose stack     at EventEmitter.emit (events.js:185:7)
14 verbose stack     at ChildProcess.<anonymous> (D:\NodeJS\node_modules\npm\lib\utils\spawn.js:24:14)
14 verbose stack     at emitTwo (events.js:100:13)
14 verbose stack     at ChildProcess.emit (events.js:185:7)
14 verbose stack     at maybeClose (internal/child_process.js:827:16)
14 verbose stack     at Process.ChildProcess._handle.onexit (internal/child_process.js:211:5)
15 verbose pkgid qiankai@1.0.0
16 verbose cwd D:\git项目\qiankai2
17 error Windows_NT 6.1.7601
18 error argv "D:\\NodeJS\\node.exe" "D:\\NodeJS\\node_modules\\npm\\bin\\npm-cli.js" "start"
19 error node v5.7.1
20 error npm  v3.6.0
21 error code ELIFECYCLE
22 error qiankai@1.0.0 start: `if-env NODE_ENV=production && npm run start:prod || npm run start:dev`
22 error Exit status 1
23 error Failed at the qiankai@1.0.0 start script 'if-env NODE_ENV=production && npm run start:prod || npm run start:dev'.
23 error Make sure you have the latest version of node.js and npm installed.
23 error If you do, this is most likely a problem with the qiankai package,
23 error not with npm itself.
23 error Tell the author that this fails on your system:
23 error     if-env NODE_ENV=production && npm run start:prod || npm run start:dev
23 error You can get information on how to open an issue for this project with:
23 error     npm bugs qiankai
23 error Or if that isn't available, you can get their info via:
23 error     npm owner ls qiankai
23 error There is likely additional logging output above.
24 verbose exit [ 1, true ]
